#! /c/Source/iverilog-install/bin/vvp
:ivl_version "12.0 (devel)" "(s20150603-1539-g2693dd32b)";
:ivl_delay_selection "TYPICAL";
:vpi_time_precision - 9;
:vpi_module "C:\iverilog\lib\ivl\system.vpi";
:vpi_module "C:\iverilog\lib\ivl\vhdl_sys.vpi";
:vpi_module "C:\iverilog\lib\ivl\vhdl_textio.vpi";
:vpi_module "C:\iverilog\lib\ivl\v2005_math.vpi";
:vpi_module "C:\iverilog\lib\ivl\va_math.vpi";
S_0000026002815e90 .scope module, "mux_tb" "mux_tb" 2 4;
 .timescale -9 -9;
v000002600278bc40_0 .net "c0", 0 0, L_0000026002813890;  1 drivers
v000002600278bce0_0 .var "i0", 0 0;
v000002600278bd80_0 .var "i1", 0 0;
v000002600278be20_0 .var "p0", 0 0;
S_0000026002816020 .scope module, "uut" "mux2to1" 2 8, 3 2 0, S_0000026002815e90;
 .timescale -9 -9;
    .port_info 0 /INPUT 1 "i0";
    .port_info 1 /INPUT 1 "i1";
    .port_info 2 /INPUT 1 "p0";
    .port_info 3 /OUTPUT 1 "c0";
L_000002600278bec0 .functor NOT 1, v000002600278be20_0, C4<0>, C4<0>, C4<0>;
L_00000260027e2fc0 .functor AND 1, L_000002600278bec0, v000002600278bce0_0, C4<1>, C4<1>;
L_00000260027e3120 .functor AND 1, v000002600278be20_0, v000002600278bd80_0, C4<1>, C4<1>;
L_0000026002813890 .functor OR 1, L_00000260027e2fc0, L_00000260027e3120, C4<0>, C4<0>;
v000002600278a890_0 .net "and1", 0 0, L_00000260027e2fc0;  1 drivers
v00000260027e2b40_0 .net "and2", 0 0, L_00000260027e3120;  1 drivers
v0000026002788d40_0 .net "c0", 0 0, L_0000026002813890;  alias, 1 drivers
v00000260028161b0_0 .net "i0", 0 0, v000002600278bce0_0;  1 drivers
v0000026002816250_0 .net "i1", 0 0, v000002600278bd80_0;  1 drivers
v000002600278bb00_0 .net "negp0", 0 0, L_000002600278bec0;  1 drivers
v000002600278bba0_0 .net "p0", 0 0, v000002600278be20_0;  1 drivers
    .scope S_0000026002815e90;
T_0 ;
    %vpi_call 2 11 "$dumpfile", "mux.vcd" {0 0 0};
    %vpi_call 2 12 "$dumpvars", 32'sb00000000000000000000000000000000, S_0000026002815e90 {0 0 0};
    %vpi_call 2 13 "$monitor", v000002600278bc40_0 {0 0 0};
    %pushi/vec4 0, 0, 1;
    %store/vec4 v000002600278bce0_0, 0, 1;
    %pushi/vec4 1, 0, 1;
    %store/vec4 v000002600278bd80_0, 0, 1;
    %pushi/vec4 1, 0, 1;
    %store/vec4 v000002600278be20_0, 0, 1;
    %delay 5, 0;
    %pushi/vec4 0, 0, 1;
    %store/vec4 v000002600278be20_0, 0, 1;
    %delay 5, 0;
    %vpi_call 2 18 "$display", "test finished" {0 0 0};
    %end;
    .thread T_0;
# The file index is used to find the file name in the following table.
:file_names 4;
    "N/A";
    "<interactive>";
    "mux_tb.v";
    "./mux2to1.v";
